0	1	mikroCPIC1618.exe -MSF -DBG -pP18F4520 -DL -O11111114 -fo8 -N"D:\Dados\Dropbox\UFSM\Gmicro\Term_Radio\Receptor_term2\Receptor_term2.mcppi" -SP"C:\Users\Public\Documents\Mikroelektronika\mikroC PRO for PIC\defs\" -SP"C:\Users\Public\Documents\Mikroelektronika\mikroC PRO for PIC\uses\P18\" -SP"D:\Dados\Dropbox\UFSM\Gmicro\Term_Radio\Receptor_term2\" "Receptor_term2.c" "__Lib_Math.mcl" "__Lib_MathDouble.mcl" "__Lib_System.mcl" "__Lib_Delays.mcl" "__Lib_CType.mcl" "__Lib_CString.mcl" "__Lib_CStdlib.mcl" "__Lib_CMath.mcl" "__Lib_MemManager.mcl" "__Lib_Conversions.mcl" "__Lib_Sprintf.mcl" "__Lib_PrintOut.mcl" "__Lib_Sprinti.mcl" "__Lib_Sprintl.mcl" "__Lib_Time.mcl" "__Lib_Trigonometry.mcl" "__Lib_Button.mcl" "__Lib_Keypad4x4.mcl" "__Lib_Manchester.mcl" "__Lib_OneWire.mcl" "__Lib_PS2.mcl" "__Lib_Sound.mcl" "__Lib_SoftI2C.mcl" "__Lib_SoftSPI.mcl" "__Lib_SoftUART.mcl" "__Lib_ADC_A_D.mcl" "__Lib_EEPROM_256.mcl" "__Lib_FLASH_w32_e64.mcl" "__Lib_I2C_c34.mcl" "__Lib_PWM_c21.mcl" "__Lib_SPI_c345.mcl" "__Lib_UART_c67.mcl" "__Lib_PortExpander.mcl" "__Lib_CANSPI.mcl" "__Lib_CF.mcl" "__Lib_CFFat16.mcl" "__Lib_GlcdFonts.mcl" "__Lib_Glcd.mcl" "__Lib_LcdConsts.mcl" "__Lib_Lcd.mcl" "__Lib_Mmc.mcl" "__Lib_MmcFat16.mcl" "__Lib_MmcFat16Constants.mcl" "__Lib_RS485.mcl" "__Lib_S1D13700.mcl" "__Lib_T6963C.mcl" "__Lib_SPIGlcd.mcl" "__Lib_SPILcd.mcl" "__Lib_SPILcd8.mcl" "__Lib_SPIT6963C.mcl" "__Lib_EthEnc28j60.mcl" "__Lib_TFT.mcl" "__Lib_TFT_16bit.mcl" "__Lib_TouchPanel_TFT.mcl" "__Lib_EthEnc24j600.mcl" "__Lib_TouchPanel.mcl"	 
hint: 0	1139	Available RAM: 1515 [bytes], Available ROM: 32768 [bytes]	 
diagnostics: 0	126	All files Preprocessed in 62 ms	 
diagnostics: 0	122	Compilation Started	Receptor_term2.c
diagnostics: 884	123	Compiled Successfully	Receptor_term2.c
hint: 173	1164	Variable 'data_r' has been eliminated by optimizer	Receptor_term2.c
hint: 190	1164	Variable 'address_high' has been eliminated by optimizer	Receptor_term2.c
hint: 205	1164	Variable 'data_r' has been eliminated by optimizer	Receptor_term2.c
hint: 206	1164	Variable 'address_high' has been eliminated by optimizer	Receptor_term2.c
hint: 224	1164	Variable 'temp' has been eliminated by optimizer	Receptor_term2.c
hint: 235	1164	Variable 'temp' has been eliminated by optimizer	Receptor_term2.c
hint: 267	1164	Variable 'temp' has been eliminated by optimizer	Receptor_term2.c
hint: 275	1164	Variable 'temp' has been eliminated by optimizer	Receptor_term2.c
hint: 286	1164	Variable 'temp' has been eliminated by optimizer	Receptor_term2.c
hint: 294	1164	Variable 'temp' has been eliminated by optimizer	Receptor_term2.c
hint: 441	1164	Variable 'temp' has been eliminated by optimizer	Receptor_term2.c
hint: 485	1164	Variable 'temp' has been eliminated by optimizer	Receptor_term2.c
hint: 505	1164	Variable 'temp' has been eliminated by optimizer	Receptor_term2.c
hint: 519	1164	Variable 'temp' has been eliminated by optimizer	Receptor_term2.c
hint: 533	1164	Variable 'temp' has been eliminated by optimizer	Receptor_term2.c
hint: 552	1164	Variable 'temp' has been eliminated by optimizer	Receptor_term2.c
hint: 570	1164	Variable 'temp' has been eliminated by optimizer	Receptor_term2.c
hint: 591	1164	Variable 'temp' has been eliminated by optimizer	Receptor_term2.c
hint: 623	1164	Variable 'temp' has been eliminated by optimizer	Receptor_term2.c
hint: 663	1164	Variable 'temp' has been eliminated by optimizer	Receptor_term2.c
hint: 695	1164	Variable 'temp' has been eliminated by optimizer	Receptor_term2.c
hint: 843	1164	Variable 'dig1' has been eliminated by optimizer	Receptor_term2.c
diagnostics: 0	127	All files Compiled in 172 ms	 
hint: 0	1144	Used RAM (bytes): 118 (8%)  Free RAM (bytes): 1397 (92%)	Used RAM (bytes): 118 (8%)  Free RAM (bytes): 1397 (92%)
hint: 0	1144	Used ROM (bytes): 3424 (10%)  Free ROM (bytes): 29344 (90%)	Used ROM (bytes): 3424 (10%)  Free ROM (bytes): 29344 (90%)
diagnostics: 0	125	Project Linked Successfully	Receptor_term2.mcppi
diagnostics: 0	128	Linked in 327 ms	 
diagnostics: 0	129	Project 'Receptor_term2.mcppi' completed: 686 ms	 
diagnostics: 0	103	Finished successfully: 11 dez 2014, 11:37:47	Receptor_term2.mcppi
